Using pre-set license
Built from '2020.2/staging' branch; Version is '2020.2.7f1 (c53830e277f1) revision 12924976'; Using compiler version '192528614'; Build Type 'Release'
OS: 'Windows 10 Home Single Language; OS build 19043.1586; Version 2009; 64bit' Language: 'en' Physical Memory: 8051 MB
BatchMode: 1, IsHumanControllingUs: 0, StartBugReporterOnCrash: 0, Is64bit: 1, IsPro: 0

 COMMAND LINE ARGUMENTS:
C:\Program Files\Unity\Hub\Editor\2020.2.7f1\Editor\Unity.exe
-adb2
-batchMode
-noUpm
-name
AssetImportWorker0
-projectPath
F:/UnityProjects/Clone1
-logFile
Logs/AssetImportWorker0.log
-srvPort
1449
Successfully changed project path to: F:/UnityProjects/Clone1
F:/UnityProjects/Clone1
Using Asset Import Pipeline V2.
Refreshing native plugins compatible for Editor in 62.36 ms, found 1 plugins.
Preloading 0 native plugins for Editor in 0.00 ms.
Initialize engine version: 2020.2.7f1 (c53830e277f1)
[Subsystems] Discovering subsystems at path C:/Program Files/Unity/Hub/Editor/2020.2.7f1/Editor/Data/Resources/UnitySubsystems
[Subsystems] Discovering subsystems at path F:/UnityProjects/Clone1/Assets
GfxDevice: creating device client; threaded=0
Direct3D:
    Version:  Direct3D 11.0 [level 11.1]
    Renderer: NVIDIA GeForce GTX 1050 Ti (ID=0x1c8c)
    Vendor:   
    VRAM:     4018 MB
    Driver:   25.21.14.1972
Initialize mono
Mono path[0] = 'C:/Program Files/Unity/Hub/Editor/2020.2.7f1/Editor/Data/Managed'
Mono path[1] = 'C:/Program Files/Unity/Hub/Editor/2020.2.7f1/Editor/Data/MonoBleedingEdge/lib/mono/unityjit'
Mono config path = 'C:/Program Files/Unity/Hub/Editor/2020.2.7f1/Editor/Data/MonoBleedingEdge/etc'
Using monoOptions --debugger-agent=transport=dt_socket,embedding=1,server=y,suspend=n,address=127.0.0.1:56536
Begin MonoManager ReloadAssembly
Registering precompiled unity dll's ...
Register platform support module: C:/Program Files/Unity/Hub/Editor/2020.2.7f1/Editor/Data/PlaybackEngines/WebGLSupport/UnityEditor.WebGL.Extensions.dll
Register platform support module: C:/Program Files/Unity/Hub/Editor/2020.2.7f1/Editor/Data/PlaybackEngines/MacStandaloneSupport/UnityEditor.OSXStandalone.Extensions.dll
Register platform support module: C:/Program Files/Unity/Hub/Editor/2020.2.7f1/Editor/Data/PlaybackEngines/WindowsStandaloneSupport/UnityEditor.WindowsStandalone.Extensions.dll
Registered in 0.007317 seconds.
Native extension for WindowsStandalone target not found
Native extension for OSXStandalone target not found
Native extension for WebGL target not found
Refreshing native plugins compatible for Editor in 66.44 ms, found 1 plugins.
Preloading 0 native plugins for Editor in 0.00 ms.
Invoked RoslynAnalysisRunner static constructor.
RoslynAnalysisRunner will not be running.
RoslynAnalysisRunner has terminated.
Mono: successfully reloaded assembly
- Completed reload, in  2.508 seconds
Platform modules already initialized, skipping
Registering precompiled user dll's ...
Registered in 0.001485 seconds.
Begin MonoManager ReloadAssembly
Native extension for WindowsStandalone target not found
Native extension for OSXStandalone target not found
Native extension for WebGL target not found
Refreshing native plugins compatible for Editor in 62.96 ms, found 1 plugins.
Preloading 0 native plugins for Editor in 0.00 ms.
Invoked RoslynAnalysisRunner static constructor.
RoslynAnalysisRunner will not be running.
RoslynAnalysisRunner has terminated.
Mono: successfully reloaded assembly
- Completed reload, in  1.616 seconds
Platform modules already initialized, skipping
========================================================================
Worker process is ready to serve import requests
Launched and connected shader compiler UnityShaderCompiler.exe after 0.12 seconds
Refreshing native plugins compatible for Editor in 0.49 ms, found 1 plugins.
Preloading 0 native plugins for Editor in 0.00 ms.
Unloading 1813 Unused Serialized files (Serialized files now loaded: 0)
System memory in use before: 84.8 MB.
System memory in use after: 84.7 MB.

Unloading 24 unused Assets to reduce memory usage. Loaded Objects now: 2256.
Total: 3.045900 ms (FindLiveObjects: 0.255800 ms CreateObjectMapping: 0.100000 ms MarkObjects: 2.510800 ms  DeleteObjects: 0.178000 ms)

========================================================================
Received Import Request.
  path: Assets/Pixel Adventure 1/Assets/Other/Dust Particle.png
  artifactKey: Guid(e7980a08b8e9f3c4bbe56762604cba98) Importer(815301076,1909f56bfc062723c751e8b465ee728b)
Start importing Assets/Pixel Adventure 1/Assets/Other/Dust Particle.png using Guid(e7980a08b8e9f3c4bbe56762604cba98) Importer(815301076,1909f56bfc062723c751e8b465ee728b)  -> (artifact id: '9d5136de60de12a8d99d0f4a7d64eb5e') in 0.382801 seconds
  Import took 0.504174 seconds .

========================================================================
Received Import Request.
  Time since last request: 0.000459 seconds.
  path: Assets/Pixel Adventure 1/Assets/Other/Confetti (16x16).png
  artifactKey: Guid(84e73c5fcbc3d324a9bebf3715abc565) Importer(815301076,1909f56bfc062723c751e8b465ee728b)
Start importing Assets/Pixel Adventure 1/Assets/Other/Confetti (16x16).png using Guid(84e73c5fcbc3d324a9bebf3715abc565) Importer(815301076,1909f56bfc062723c751e8b465ee728b)  -> (artifact id: '1d9a7efd474feadf4aa92f2f17f509f9') in 0.053228 seconds
  Import took 0.068416 seconds .

========================================================================
Received Import Request.
  Time since last request: 0.000461 seconds.
  path: Assets/Pixel Adventure 1/Assets/Other/Shadow.png
  artifactKey: Guid(38ea9af89efd60b4ab324ed5b168cb13) Importer(815301076,1909f56bfc062723c751e8b465ee728b)
Start importing Assets/Pixel Adventure 1/Assets/Other/Shadow.png using Guid(38ea9af89efd60b4ab324ed5b168cb13) Importer(815301076,1909f56bfc062723c751e8b465ee728b)  -> (artifact id: '226b223f5960530cb58e5bc56ece079f') in 0.026084 seconds
  Import took 0.038942 seconds .

========================================================================
Received Import Request.
  Time since last request: 0.000412 seconds.
  path: Assets/Pixel Adventure 1/Assets/Other/Transition.png
  artifactKey: Guid(af34cad9a50a94c42b0907fd58d6f99c) Importer(815301076,1909f56bfc062723c751e8b465ee728b)
Start importing Assets/Pixel Adventure 1/Assets/Other/Transition.png using Guid(af34cad9a50a94c42b0907fd58d6f99c) Importer(815301076,1909f56bfc062723c751e8b465ee728b)  -> (artifact id: 'b6731eb9a8fa499aa9df8e49bc6b7beb') in 0.055686 seconds
  Import took 0.109365 seconds .

========================================================================
Received Import Request.
  Time since last request: 236.330408 seconds.
  path: Assets/Music Tracks/Chunky_Monkey.wav
  artifactKey: Guid(956ad2f73332544fd87365087825cc4f) Importer(815301076,1909f56bfc062723c751e8b465ee728b)
Start importing Assets/Music Tracks/Chunky_Monkey.wav using Guid(956ad2f73332544fd87365087825cc4f) Importer(815301076,1909f56bfc062723c751e8b465ee728b)  -> (artifact id: 'bfcd1c30077201f632ea257097e1aeca') in 0.820946 seconds
  Import took 0.884727 seconds .

========================================================================
Received Import Request.
  Time since last request: 0.000431 seconds.
  path: Assets/Music Tracks/Potato.wav
  artifactKey: Guid(87890a66193394e3cb7d6284cc6b4344) Importer(815301076,1909f56bfc062723c751e8b465ee728b)
Start importing Assets/Music Tracks/Potato.wav using Guid(87890a66193394e3cb7d6284cc6b4344) Importer(815301076,1909f56bfc062723c751e8b465ee728b)  -> (artifact id: '6a36cb7a0a1612b00cc76348bcc33fc4') in 0.013351 seconds
  Import took 0.074562 seconds .

========================================================================
Received Import Request.
  Time since last request: 0.000439 seconds.
  path: Assets/Music Tracks/InfiniteDoors.wav
  artifactKey: Guid(5059413ec429c4507bb7bca2286fad19) Importer(815301076,1909f56bfc062723c751e8b465ee728b)
Start importing Assets/Music Tracks/InfiniteDoors.wav using Guid(5059413ec429c4507bb7bca2286fad19) Importer(815301076,1909f56bfc062723c751e8b465ee728b)  -> (artifact id: 'ce7672303374e6bffc31d75c22292e1d') in 0.011577 seconds
  Import took 0.083952 seconds .

========================================================================
Received Import Request.
  Time since last request: 0.000415 seconds.
  path: Assets/Music Tracks/JumpyGame.wav
  artifactKey: Guid(d8f7a78a964aa489aafb3749d805cd4b) Importer(815301076,1909f56bfc062723c751e8b465ee728b)
Start importing Assets/Music Tracks/JumpyGame.wav using Guid(d8f7a78a964aa489aafb3749d805cd4b) Importer(815301076,1909f56bfc062723c751e8b465ee728b)  -> (artifact id: '8addd72c8770f531bdde06be700fd7d5') in 0.011570 seconds
  Import took 0.034620 seconds .

========================================================================
Received Import Request.
  Time since last request: 0.000375 seconds.
  path: Assets/Music Tracks/StreetLove.wav
  artifactKey: Guid(26364aaf1f64b40c1a047b0bacfbd10e) Importer(815301076,1909f56bfc062723c751e8b465ee728b)
Start importing Assets/Music Tracks/StreetLove.wav using Guid(26364aaf1f64b40c1a047b0bacfbd10e) Importer(815301076,1909f56bfc062723c751e8b465ee728b)  -> (artifact id: 'c1789702ae82af9714907371adb5ee08') in 0.013417 seconds
  Import took 0.056554 seconds .

========================================================================
Received Import Request.
  Time since last request: 0.000544 seconds.
  path: Assets/Music Tracks/SunnyDay.wav
  artifactKey: Guid(6306498bbea9342a58ad61d5f7128830) Importer(815301076,1909f56bfc062723c751e8b465ee728b)
Start importing Assets/Music Tracks/SunnyDay.wav using Guid(6306498bbea9342a58ad61d5f7128830) Importer(815301076,1909f56bfc062723c751e8b465ee728b)  -> (artifact id: 'c4a87603ed5e944103d4699024f70114') in 0.012619 seconds
  Import took 0.066595 seconds .

========================================================================
Received Import Request.
  Time since last request: 0.000554 seconds.
  path: Assets/Music Tracks/Tiny_Blocks.wav
  artifactKey: Guid(5d6e42b338547477aa7a88708f894463) Importer(815301076,1909f56bfc062723c751e8b465ee728b)
Start importing Assets/Music Tracks/Tiny_Blocks.wav using Guid(5d6e42b338547477aa7a88708f894463) Importer(815301076,1909f56bfc062723c751e8b465ee728b)  -> (artifact id: '16b03ca99025d2a48188fac7a91add4a') in 0.016296 seconds
  Import took 0.052018 seconds .

========================================================================
Received Import Request.
  Time since last request: 0.000585 seconds.
  path: Assets/Music Tracks/Stupid_Dancer.wav
  artifactKey: Guid(1555836638cd34283a3780a19b58d4c6) Importer(815301076,1909f56bfc062723c751e8b465ee728b)
Start importing Assets/Music Tracks/Stupid_Dancer.wav using Guid(1555836638cd34283a3780a19b58d4c6) Importer(815301076,1909f56bfc062723c751e8b465ee728b)  -> (artifact id: '4d06879639a2b2058ce610945efde683') in 0.012129 seconds
  Import took 0.026380 seconds .

========================================================================
Received Import Request.
  Time since last request: 0.000408 seconds.
  path: Assets/Music Tracks/Zephyr.wav
  artifactKey: Guid(07f391589664f4e85904fa28802b4aa8) Importer(815301076,1909f56bfc062723c751e8b465ee728b)
Start importing Assets/Music Tracks/Zephyr.wav using Guid(07f391589664f4e85904fa28802b4aa8) Importer(815301076,1909f56bfc062723c751e8b465ee728b)  -> (artifact id: 'ad5741c877594c00a6155a899facc0de') in 0.011467 seconds
  Import took 0.102890 seconds .

========================================================================
Received Import Request.
  Time since last request: 169.709678 seconds.
  path: Assets/CasualGameSounds/DM-CGS-01.wav
  artifactKey: Guid(32d4b1811dda14a6cb9e059ee8ad17d2) Importer(815301076,1909f56bfc062723c751e8b465ee728b)
Start importing Assets/CasualGameSounds/DM-CGS-01.wav using Guid(32d4b1811dda14a6cb9e059ee8ad17d2) Importer(815301076,1909f56bfc062723c751e8b465ee728b)  -> (artifact id: 'cc82517cff2a3454e65184ecd5df7ad1') in 0.023482 seconds
  Import took 0.098015 seconds .

========================================================================
Received Import Request.
  Time since last request: 0.000432 seconds.
  path: Assets/CasualGameSounds/DM-CGS-11.wav
  artifactKey: Guid(a0010a1a0c474473b81729eb770c485f) Importer(815301076,1909f56bfc062723c751e8b465ee728b)
Start importing Assets/CasualGameSounds/DM-CGS-11.wav using Guid(a0010a1a0c474473b81729eb770c485f) Importer(815301076,1909f56bfc062723c751e8b465ee728b)  -> (artifact id: '352ca562b70cde518b0f2e9869815a14') in 0.010982 seconds
  Import took 0.070063 seconds .

========================================================================
Received Import Request.
  Time since last request: 0.000428 seconds.
  path: Assets/CasualGameSounds/DM-CGS-10.wav
  artifactKey: Guid(cabfae866cab347928b74b7d0ca6bfa9) Importer(815301076,1909f56bfc062723c751e8b465ee728b)
Start importing Assets/CasualGameSounds/DM-CGS-10.wav using Guid(cabfae866cab347928b74b7d0ca6bfa9) Importer(815301076,1909f56bfc062723c751e8b465ee728b)  -> (artifact id: '98becb09ca1c28fcb40c4708d17f2028') in 0.023523 seconds
  Import took 0.094662 seconds .

========================================================================
Received Import Request.
  Time since last request: 0.000707 seconds.
  path: Assets/CasualGameSounds/DM-CGS-07.wav
  artifactKey: Guid(2c5292ba5cf254919a6b9e2b18e04f49) Importer(815301076,1909f56bfc062723c751e8b465ee728b)
Start importing Assets/CasualGameSounds/DM-CGS-07.wav using Guid(2c5292ba5cf254919a6b9e2b18e04f49) Importer(815301076,1909f56bfc062723c751e8b465ee728b)  -> (artifact id: '361e48bb349a0711412a44c33fb81677') in 0.016803 seconds
  Import took 0.066438 seconds .

========================================================================
Received Import Request.
  Time since last request: 0.000418 seconds.
  path: Assets/CasualGameSounds/DM-CGS-08.wav
  artifactKey: Guid(4e1ff8faed12a475eba9be0e46072269) Importer(815301076,1909f56bfc062723c751e8b465ee728b)
Start importing Assets/CasualGameSounds/DM-CGS-08.wav using Guid(4e1ff8faed12a475eba9be0e46072269) Importer(815301076,1909f56bfc062723c751e8b465ee728b)  -> (artifact id: 'f15b07affd924a43022fa6e22de10719') in 0.013071 seconds
  Import took 0.017163 seconds .

========================================================================
Received Import Request.
  Time since last request: 0.000393 seconds.
  path: Assets/CasualGameSounds/DM-CGS-04.wav
  artifactKey: Guid(c5e2a73ad4706440f93bf05df0b465fe) Importer(815301076,1909f56bfc062723c751e8b465ee728b)
Start importing Assets/CasualGameSounds/DM-CGS-04.wav using Guid(c5e2a73ad4706440f93bf05df0b465fe) Importer(815301076,1909f56bfc062723c751e8b465ee728b)  -> (artifact id: '038f2420f71eaa64f4624c7e1555971d') in 0.010709 seconds
  Import took 0.015282 seconds .

========================================================================
Received Import Request.
  Time since last request: 0.000418 seconds.
  path: Assets/CasualGameSounds/DM-CGS-05.wav
  artifactKey: Guid(b99da9a57308d4ba1bee1cf1d9038376) Importer(815301076,1909f56bfc062723c751e8b465ee728b)
Start importing Assets/CasualGameSounds/DM-CGS-05.wav using Guid(b99da9a57308d4ba1bee1cf1d9038376) Importer(815301076,1909f56bfc062723c751e8b465ee728b)  -> (artifact id: '11b23aa935655ea1fe88bb8cf08883c3') in 0.011051 seconds
  Import took 0.015607 seconds .

========================================================================
Received Import Request.
  Time since last request: 0.000444 seconds.
  path: Assets/CasualGameSounds/DM-CGS-09.wav
  artifactKey: Guid(ff5f85da24bc943d1abdc5760a22bc81) Importer(815301076,1909f56bfc062723c751e8b465ee728b)
Start importing Assets/CasualGameSounds/DM-CGS-09.wav using Guid(ff5f85da24bc943d1abdc5760a22bc81) Importer(815301076,1909f56bfc062723c751e8b465ee728b)  -> (artifact id: 'fcac8befce1ae61d8a48ba21c8ba6a4d') in 0.012510 seconds
  Import took 0.063479 seconds .

========================================================================
Received Import Request.
  Time since last request: 0.004276 seconds.
  path: Assets/CasualGameSounds/DM-CGS-03.wav
  artifactKey: Guid(19f89c6e740e7447f9e12a8310d3e973) Importer(815301076,1909f56bfc062723c751e8b465ee728b)
Start importing Assets/CasualGameSounds/DM-CGS-03.wav using Guid(19f89c6e740e7447f9e12a8310d3e973) Importer(815301076,1909f56bfc062723c751e8b465ee728b)  -> (artifact id: '976cb9fd87b5cef32490e7beda927d11') in 0.018344 seconds
  Import took 0.152350 seconds .

========================================================================
Received Import Request.
  Time since last request: 0.000283 seconds.
  path: Assets/CasualGameSounds/DM-CGS-06.wav
  artifactKey: Guid(a235d590ef2a04d1b85b61ef4c21337c) Importer(815301076,1909f56bfc062723c751e8b465ee728b)
Start importing Assets/CasualGameSounds/DM-CGS-06.wav using Guid(a235d590ef2a04d1b85b61ef4c21337c) Importer(815301076,1909f56bfc062723c751e8b465ee728b)  -> (artifact id: '807d99b2758953ed3a5aace466a41cf6') in 0.011411 seconds
  Import took 0.016084 seconds .

========================================================================
Received Import Request.
  Time since last request: 0.000426 seconds.
  path: Assets/CasualGameSounds/DM-CGS-02.wav
  artifactKey: Guid(dc6614beca09347ec9b258f12d154bdd) Importer(815301076,1909f56bfc062723c751e8b465ee728b)
Start importing Assets/CasualGameSounds/DM-CGS-02.wav using Guid(dc6614beca09347ec9b258f12d154bdd) Importer(815301076,1909f56bfc062723c751e8b465ee728b)  -> (artifact id: '929bc4126953f30778faaf8f9f290143') in 0.012234 seconds
  Import took 0.070350 seconds .

========================================================================
Received Import Request.
  Time since last request: 5.762071 seconds.
  path: Assets/CasualGameSounds/DM-CGS-12.wav
  artifactKey: Guid(7478151cf36724a7dada558f746c3633) Importer(815301076,1909f56bfc062723c751e8b465ee728b)
Start importing Assets/CasualGameSounds/DM-CGS-12.wav using Guid(7478151cf36724a7dada558f746c3633) Importer(815301076,1909f56bfc062723c751e8b465ee728b)  -> (artifact id: '1086c81e32d0fe35f6d5409fcee81bf7') in 0.015196 seconds
  Import took 0.047356 seconds .

========================================================================
Received Import Request.
  Time since last request: 0.000381 seconds.
  path: Assets/CasualGameSounds/DM-CGS-13.wav
  artifactKey: Guid(72127805eb2bc4e7fbf2e02eca266cfa) Importer(815301076,1909f56bfc062723c751e8b465ee728b)
Start importing Assets/CasualGameSounds/DM-CGS-13.wav using Guid(72127805eb2bc4e7fbf2e02eca266cfa) Importer(815301076,1909f56bfc062723c751e8b465ee728b)  -> (artifact id: 'ec12421b69a5dea25d168009fbedfbf6') in 0.011871 seconds
  Import took 0.093630 seconds .

========================================================================
Received Import Request.
  Time since last request: 9.363722 seconds.
  path: Assets/CasualGameSounds/DM-CGS-14.wav
  artifactKey: Guid(b6428d4edb06344ba829da4edd9967c1) Importer(815301076,1909f56bfc062723c751e8b465ee728b)
Start importing Assets/CasualGameSounds/DM-CGS-14.wav using Guid(b6428d4edb06344ba829da4edd9967c1) Importer(815301076,1909f56bfc062723c751e8b465ee728b)  -> (artifact id: '1a4d60fab0da0f4f57de21c2078801ca') in 0.011059 seconds
  Import took 0.153328 seconds .

========================================================================
Received Import Request.
  Time since last request: 0.000434 seconds.
  path: Assets/CasualGameSounds/DM-CGS-18.wav
  artifactKey: Guid(2667a0a008b044e218b63df62e2be749) Importer(815301076,1909f56bfc062723c751e8b465ee728b)
Start importing Assets/CasualGameSounds/DM-CGS-18.wav using Guid(2667a0a008b044e218b63df62e2be749) Importer(815301076,1909f56bfc062723c751e8b465ee728b)  -> (artifact id: '87ffc7ec7151c4cd7b50688421510ebd') in 0.011706 seconds
  Import took 0.039155 seconds .

========================================================================
Received Import Request.
  Time since last request: 0.000414 seconds.
  path: Assets/CasualGameSounds/DM-CGS-16.wav
  artifactKey: Guid(724131bc8a7f34041bb9f1701f0cb58d) Importer(815301076,1909f56bfc062723c751e8b465ee728b)
Start importing Assets/CasualGameSounds/DM-CGS-16.wav using Guid(724131bc8a7f34041bb9f1701f0cb58d) Importer(815301076,1909f56bfc062723c751e8b465ee728b)  -> (artifact id: '6646d4ec9e0eebe820e71178276d9bb1') in 0.012117 seconds
  Import took 0.079687 seconds .

========================================================================
Received Import Request.
  Time since last request: 0.000339 seconds.
  path: Assets/CasualGameSounds/DM-CGS-19.wav
  artifactKey: Guid(81652031b64c342cc8dbc59c138d77c5) Importer(815301076,1909f56bfc062723c751e8b465ee728b)
Start importing Assets/CasualGameSounds/DM-CGS-19.wav using Guid(81652031b64c342cc8dbc59c138d77c5) Importer(815301076,1909f56bfc062723c751e8b465ee728b)  -> (artifact id: '6ce11ca5ec3cdda4bc3cc2c0685c0f61') in 0.011019 seconds
  Import took 0.119395 seconds .

========================================================================
Received Import Request.
  Time since last request: 0.000427 seconds.
  path: Assets/CasualGameSounds/DM-CGS-20.wav
  artifactKey: Guid(6e8772b49f34d402a90016ed445d8a2f) Importer(815301076,1909f56bfc062723c751e8b465ee728b)
Start importing Assets/CasualGameSounds/DM-CGS-20.wav using Guid(6e8772b49f34d402a90016ed445d8a2f) Importer(815301076,1909f56bfc062723c751e8b465ee728b)  -> (artifact id: '17b96d29b0ad48e45d5e47c1646f8ad2') in 0.010710 seconds
  Import took 0.059004 seconds .

========================================================================
Received Import Request.
  Time since last request: 0.000377 seconds.
  path: Assets/CasualGameSounds/DM-CGS-17.wav
  artifactKey: Guid(b9eff218e132a4e76be78840eca96fb2) Importer(815301076,1909f56bfc062723c751e8b465ee728b)
Start importing Assets/CasualGameSounds/DM-CGS-17.wav using Guid(b9eff218e132a4e76be78840eca96fb2) Importer(815301076,1909f56bfc062723c751e8b465ee728b)  -> (artifact id: 'd4c476e01b59bce46d2d8231fa19c096') in 0.011322 seconds
  Import took 0.016924 seconds .

========================================================================
Received Import Request.
  Time since last request: 0.000349 seconds.
  path: Assets/CasualGameSounds/DM-CGS-15.wav
  artifactKey: Guid(0c008ee3ee72a4362a35be25fa5de043) Importer(815301076,1909f56bfc062723c751e8b465ee728b)
Start importing Assets/CasualGameSounds/DM-CGS-15.wav using Guid(0c008ee3ee72a4362a35be25fa5de043) Importer(815301076,1909f56bfc062723c751e8b465ee728b)  -> (artifact id: '99493bfc70c2bf6811ff13f9ae1dfb37') in 0.011557 seconds
  Import took 0.049208 seconds .

========================================================================
Received Import Request.
  Time since last request: 0.000424 seconds.
  path: Assets/CasualGameSounds/DM-CGS-21.wav
  artifactKey: Guid(ffb159a21c8a04135a5616979c828fab) Importer(815301076,1909f56bfc062723c751e8b465ee728b)
Start importing Assets/CasualGameSounds/DM-CGS-21.wav using Guid(ffb159a21c8a04135a5616979c828fab) Importer(815301076,1909f56bfc062723c751e8b465ee728b)  -> (artifact id: 'ad2fa34eaf08cd5ad7e99ec40d94f9a4') in 0.010696 seconds
  Import took 0.015141 seconds .

========================================================================
Received Import Request.
  Time since last request: 0.007073 seconds.
  path: Assets/CasualGameSounds/DM-CGS-21.wav
  artifactKey: Guid(ffb159a21c8a04135a5616979c828fab) Importer(815301076,1909f56bfc062723c751e8b465ee728b)
Start importing Assets/CasualGameSounds/DM-CGS-21.wav using Guid(ffb159a21c8a04135a5616979c828fab) Importer(815301076,1909f56bfc062723c751e8b465ee728b)  -> (artifact id: 'ad2fa34eaf08cd5ad7e99ec40d94f9a4') in 0.012678 seconds
  Import took 0.077831 seconds .

========================================================================
Received Import Request.
  Time since last request: 1.664976 seconds.
  path: Assets/CasualGameSounds/DM-CGS-22.wav
  artifactKey: Guid(d8d04c6f80a1140db85ede568dab1f51) Importer(815301076,1909f56bfc062723c751e8b465ee728b)
Start importing Assets/CasualGameSounds/DM-CGS-22.wav using Guid(d8d04c6f80a1140db85ede568dab1f51) Importer(815301076,1909f56bfc062723c751e8b465ee728b)  -> (artifact id: 'e75f573bb02ece3f8369cb099120570c') in 0.010797 seconds
  Import took 0.103379 seconds .

========================================================================
Received Import Request.
  Time since last request: 0.000343 seconds.
  path: Assets/CasualGameSounds/DM-CGS-23.wav
  artifactKey: Guid(a0ca8964c08d54c5dbebf245bdc474ca) Importer(815301076,1909f56bfc062723c751e8b465ee728b)
Start importing Assets/CasualGameSounds/DM-CGS-23.wav using Guid(a0ca8964c08d54c5dbebf245bdc474ca) Importer(815301076,1909f56bfc062723c751e8b465ee728b)  -> (artifact id: 'e33b04aae62ad7bedae2bca54b3be282') in 0.036869 seconds
  Import took 0.105060 seconds .

========================================================================
Received Import Request.
  Time since last request: 2.101199 seconds.
  path: Assets/CasualGameSounds/DM-CGS-24.wav
  artifactKey: Guid(657578e4be6b64dbf9b09deada272e55) Importer(815301076,1909f56bfc062723c751e8b465ee728b)
Start importing Assets/CasualGameSounds/DM-CGS-24.wav using Guid(657578e4be6b64dbf9b09deada272e55) Importer(815301076,1909f56bfc062723c751e8b465ee728b)  -> (artifact id: 'fe162d7dcea3b3e9400698b4b3d96d24') in 0.010837 seconds
  Import took 0.015663 seconds .

========================================================================
Received Import Request.
  Time since last request: 0.000416 seconds.
  path: Assets/CasualGameSounds/DM-CGS-25.wav
  artifactKey: Guid(5fdb13d3756c84fecac96f5a2d124370) Importer(815301076,1909f56bfc062723c751e8b465ee728b)
Start importing Assets/CasualGameSounds/DM-CGS-25.wav using Guid(5fdb13d3756c84fecac96f5a2d124370) Importer(815301076,1909f56bfc062723c751e8b465ee728b)  -> (artifact id: '798388b263c3aabb2758101f425939f8') in 0.010700 seconds
  Import took 0.057510 seconds .

========================================================================
Received Import Request.
  Time since last request: 0.000413 seconds.
  path: Assets/CasualGameSounds/DM-CGS-24.wav
  artifactKey: Guid(657578e4be6b64dbf9b09deada272e55) Importer(815301076,1909f56bfc062723c751e8b465ee728b)
Start importing Assets/CasualGameSounds/DM-CGS-24.wav using Guid(657578e4be6b64dbf9b09deada272e55) Importer(815301076,1909f56bfc062723c751e8b465ee728b)  -> (artifact id: 'fe162d7dcea3b3e9400698b4b3d96d24') in 0.010709 seconds
  Import took 0.015196 seconds .

========================================================================
Received Import Request.
  Time since last request: 0.024369 seconds.
  path: Assets/CasualGameSounds/DM-CGS-26.wav
  artifactKey: Guid(7bd6b897eb5ca4b7d88a205c4a51640c) Importer(815301076,1909f56bfc062723c751e8b465ee728b)
Start importing Assets/CasualGameSounds/DM-CGS-26.wav using Guid(7bd6b897eb5ca4b7d88a205c4a51640c) Importer(815301076,1909f56bfc062723c751e8b465ee728b)  -> (artifact id: 'd2e815549c61ae9fd9de82fc6e47de8c') in 0.011946 seconds
  Import took 0.016404 seconds .

========================================================================
Received Import Request.
  Time since last request: 0.000369 seconds.
  path: Assets/CasualGameSounds/DM-CGS-27.wav
  artifactKey: Guid(5039414d94a6e4e70a5ab9e8833e992a) Importer(815301076,1909f56bfc062723c751e8b465ee728b)
Start importing Assets/CasualGameSounds/DM-CGS-27.wav using Guid(5039414d94a6e4e70a5ab9e8833e992a) Importer(815301076,1909f56bfc062723c751e8b465ee728b)  -> (artifact id: '129dfe787b58bfca4fe576d7c86e9bec') in 0.012278 seconds
  Import took 0.016580 seconds .

========================================================================
Received Import Request.
  Time since last request: 0.005340 seconds.
  path: Assets/CasualGameSounds/DM-CGS-27.wav
  artifactKey: Guid(5039414d94a6e4e70a5ab9e8833e992a) Importer(815301076,1909f56bfc062723c751e8b465ee728b)
Start importing Assets/CasualGameSounds/DM-CGS-27.wav using Guid(5039414d94a6e4e70a5ab9e8833e992a) Importer(815301076,1909f56bfc062723c751e8b465ee728b)  -> (artifact id: '129dfe787b58bfca4fe576d7c86e9bec') in 0.011637 seconds
  Import took 0.016483 seconds .

========================================================================
Received Import Request.
  Time since last request: 5.508848 seconds.
  path: Assets/CasualGameSounds/DM-CGS-28.wav
  artifactKey: Guid(79180f511d89441b9aa23ccae1992fe0) Importer(815301076,1909f56bfc062723c751e8b465ee728b)
Start importing Assets/CasualGameSounds/DM-CGS-28.wav using Guid(79180f511d89441b9aa23ccae1992fe0) Importer(815301076,1909f56bfc062723c751e8b465ee728b)  -> (artifact id: '7dbcf7ecacb33a6e53c8f9ce6604ec5a') in 0.010710 seconds
  Import took 0.039962 seconds .

========================================================================
Received Import Request.
  Time since last request: 0.000414 seconds.
  path: Assets/CasualGameSounds/DM-CGS-29.wav
  artifactKey: Guid(80e397195ea2940b69ee7bdbded856a5) Importer(815301076,1909f56bfc062723c751e8b465ee728b)
Start importing Assets/CasualGameSounds/DM-CGS-29.wav using Guid(80e397195ea2940b69ee7bdbded856a5) Importer(815301076,1909f56bfc062723c751e8b465ee728b)  -> (artifact id: 'c41ff6fcae956fe7e119a0403fecdf82') in 0.011458 seconds
  Import took 0.015468 seconds .

========================================================================
Received Import Request.
  Time since last request: 5.998834 seconds.
  path: Assets/CasualGameSounds/DM-CGS-30.wav
  artifactKey: Guid(130a177e727814a2ea78a886ab72213d) Importer(815301076,1909f56bfc062723c751e8b465ee728b)
Start importing Assets/CasualGameSounds/DM-CGS-30.wav using Guid(130a177e727814a2ea78a886ab72213d) Importer(815301076,1909f56bfc062723c751e8b465ee728b)  -> (artifact id: 'd4d144d5302cea76335191f689bf074a') in 0.012067 seconds
  Import took 0.083068 seconds .

========================================================================
Received Import Request.
  Time since last request: 0.000425 seconds.
  path: Assets/CasualGameSounds/DM-CGS-32.wav
  artifactKey: Guid(29bde6326b4c34ad8a12da475f79b50a) Importer(815301076,1909f56bfc062723c751e8b465ee728b)
Start importing Assets/CasualGameSounds/DM-CGS-32.wav using Guid(29bde6326b4c34ad8a12da475f79b50a) Importer(815301076,1909f56bfc062723c751e8b465ee728b)  -> (artifact id: 'e0d49c03c41ba7c36ca4253b5dd1ff69') in 0.068611 seconds
  Import took 0.076215 seconds .

========================================================================
Received Import Request.
  Time since last request: 0.000513 seconds.
  path: Assets/CasualGameSounds/DM-CGS-35.wav
  artifactKey: Guid(89e6bc608da7b47d4914f3d9c2484e48) Importer(815301076,1909f56bfc062723c751e8b465ee728b)
Start importing Assets/CasualGameSounds/DM-CGS-35.wav using Guid(89e6bc608da7b47d4914f3d9c2484e48) Importer(815301076,1909f56bfc062723c751e8b465ee728b)  -> (artifact id: 'e25c2831b39d44c4d70de85bc9d71cb5') in 0.014919 seconds
  Import took 0.019374 seconds .

========================================================================
Received Import Request.
  Time since last request: 0.000434 seconds.
  path: Assets/CasualGameSounds/DM-CGS-31.wav
  artifactKey: Guid(cf6c0e7fbef9449c98a0cdb5ea0c4d9f) Importer(815301076,1909f56bfc062723c751e8b465ee728b)
Start importing Assets/CasualGameSounds/DM-CGS-31.wav using Guid(cf6c0e7fbef9449c98a0cdb5ea0c4d9f) Importer(815301076,1909f56bfc062723c751e8b465ee728b)  -> (artifact id: '52655fa95b80dfebafce6f2bffb0e8db') in 0.012952 seconds
  Import took 0.044563 seconds .

========================================================================
Received Import Request.
  Time since last request: 0.000513 seconds.
  path: Assets/CasualGameSounds/DM-CGS-33.wav
  artifactKey: Guid(35fbad8cdde724f11ba6481f1e64af71) Importer(815301076,1909f56bfc062723c751e8b465ee728b)
Start importing Assets/CasualGameSounds/DM-CGS-33.wav using Guid(35fbad8cdde724f11ba6481f1e64af71) Importer(815301076,1909f56bfc062723c751e8b465ee728b)  -> (artifact id: 'e06b3a393ccd66709d5485ca12c3769b') in 0.035874 seconds
  Import took 0.040966 seconds .

========================================================================
Received Import Request.
  Time since last request: 0.000382 seconds.
  path: Assets/CasualGameSounds/DM-CGS-34.wav
  artifactKey: Guid(881e3f52c86c94f26a60718d35627cd8) Importer(815301076,1909f56bfc062723c751e8b465ee728b)
Start importing Assets/CasualGameSounds/DM-CGS-34.wav using Guid(881e3f52c86c94f26a60718d35627cd8) Importer(815301076,1909f56bfc062723c751e8b465ee728b)  -> (artifact id: '4a69e8cbe9f8d6a4cda725f5e66eff28') in 0.022067 seconds
  Import took 0.223422 seconds .

========================================================================
Received Import Request.
  Time since last request: 0.000448 seconds.
  path: Assets/CasualGameSounds/DM-CGS-33.wav
  artifactKey: Guid(35fbad8cdde724f11ba6481f1e64af71) Importer(815301076,1909f56bfc062723c751e8b465ee728b)
Start importing Assets/CasualGameSounds/DM-CGS-33.wav using Guid(35fbad8cdde724f11ba6481f1e64af71) Importer(815301076,1909f56bfc062723c751e8b465ee728b)  -> (artifact id: 'e06b3a393ccd66709d5485ca12c3769b') in 0.018918 seconds
  Import took 0.023529 seconds .

========================================================================
Received Import Request.
  Time since last request: 0.235410 seconds.
  path: Assets/CasualGameSounds/DM-CGS-36.wav
  artifactKey: Guid(df729d213c4be44a9b55cd109f5cd4f9) Importer(815301076,1909f56bfc062723c751e8b465ee728b)
Start importing Assets/CasualGameSounds/DM-CGS-36.wav using Guid(df729d213c4be44a9b55cd109f5cd4f9) Importer(815301076,1909f56bfc062723c751e8b465ee728b)  -> (artifact id: '0d5861c4e90821d3d6ebdac990c9b151') in 0.011651 seconds
  Import took 0.105667 seconds .

========================================================================
Received Import Request.
  Time since last request: 0.000391 seconds.
  path: Assets/CasualGameSounds/DM-CGS-38.wav
  artifactKey: Guid(84e427d6b66ab4066b6a4dcd0ce819ee) Importer(815301076,1909f56bfc062723c751e8b465ee728b)
Start importing Assets/CasualGameSounds/DM-CGS-38.wav using Guid(84e427d6b66ab4066b6a4dcd0ce819ee) Importer(815301076,1909f56bfc062723c751e8b465ee728b)  -> (artifact id: '77ab1ebcf759854e86f09690a367dd52') in 0.011370 seconds
  Import took 0.074228 seconds .

========================================================================
Received Import Request.
  Time since last request: 0.000418 seconds.
  path: Assets/CasualGameSounds/DM-CGS-39.wav
  artifactKey: Guid(3becec1909f194046945d85ac1077772) Importer(815301076,1909f56bfc062723c751e8b465ee728b)
Start importing Assets/CasualGameSounds/DM-CGS-39.wav using Guid(3becec1909f194046945d85ac1077772) Importer(815301076,1909f56bfc062723c751e8b465ee728b)  -> (artifact id: 'a857d57b2f2998a1e02df436be827c24') in 0.011297 seconds
  Import took 0.016006 seconds .

========================================================================
Received Import Request.
  Time since last request: 0.000403 seconds.
  path: Assets/CasualGameSounds/DM-CGS-42.wav
  artifactKey: Guid(38a17a92b9d9748c6a1e67972041b833) Importer(815301076,1909f56bfc062723c751e8b465ee728b)
Start importing Assets/CasualGameSounds/DM-CGS-42.wav using Guid(38a17a92b9d9748c6a1e67972041b833) Importer(815301076,1909f56bfc062723c751e8b465ee728b)  -> (artifact id: '25e739936507c9d1ad54f30008944dfe') in 0.011746 seconds
  Import took 0.074486 seconds .

========================================================================
Received Import Request.
  Time since last request: 0.000314 seconds.
  path: Assets/CasualGameSounds/DM-CGS-40.wav
  artifactKey: Guid(0994c12e202f342459a4212e7287f7e8) Importer(815301076,1909f56bfc062723c751e8b465ee728b)
Start importing Assets/CasualGameSounds/DM-CGS-40.wav using Guid(0994c12e202f342459a4212e7287f7e8) Importer(815301076,1909f56bfc062723c751e8b465ee728b)  -> (artifact id: 'b5785e16d4f16288484b2603142cf943') in 0.012925 seconds
  Import took 0.080232 seconds .

========================================================================
Received Import Request.
  Time since last request: 0.000494 seconds.
  path: Assets/CasualGameSounds/DM-CGS-43.wav
  artifactKey: Guid(4b4dd7245f6104c8c8eb07ccf6b386ed) Importer(815301076,1909f56bfc062723c751e8b465ee728b)
Start importing Assets/CasualGameSounds/DM-CGS-43.wav using Guid(4b4dd7245f6104c8c8eb07ccf6b386ed) Importer(815301076,1909f56bfc062723c751e8b465ee728b)  -> (artifact id: '563bf5c821d1f9d14cc87a2c7b2b27d1') in 0.010589 seconds
  Import took 0.178944 seconds .

========================================================================
Received Import Request.
  Time since last request: 0.000683 seconds.
  path: Assets/CasualGameSounds/DM-CGS-41.wav
  artifactKey: Guid(7e9ee6dc04a5d40d1a5dfc4beb9865e7) Importer(815301076,1909f56bfc062723c751e8b465ee728b)
Start importing Assets/CasualGameSounds/DM-CGS-41.wav using Guid(7e9ee6dc04a5d40d1a5dfc4beb9865e7) Importer(815301076,1909f56bfc062723c751e8b465ee728b)  -> (artifact id: '0801c6fec7bf40b685bd614df212df6e') in 0.015225 seconds
  Import took 0.021204 seconds .

========================================================================
Received Import Request.
  Time since last request: 0.000447 seconds.
  path: Assets/CasualGameSounds/DM-CGS-37.wav
  artifactKey: Guid(a931da70ee74947d5a047de583170ade) Importer(815301076,1909f56bfc062723c751e8b465ee728b)
Start importing Assets/CasualGameSounds/DM-CGS-37.wav using Guid(a931da70ee74947d5a047de583170ade) Importer(815301076,1909f56bfc062723c751e8b465ee728b)  -> (artifact id: 'b6834314487cbd5885607f396bef5080') in 0.011098 seconds
  Import took 0.043865 seconds .

========================================================================
Received Import Request.
  Time since last request: 3.342264 seconds.
  path: Assets/CasualGameSounds/DM-CGS-44.wav
  artifactKey: Guid(b43d102aac6b145468dcaa94a5cccae1) Importer(815301076,1909f56bfc062723c751e8b465ee728b)
Start importing Assets/CasualGameSounds/DM-CGS-44.wav using Guid(b43d102aac6b145468dcaa94a5cccae1) Importer(815301076,1909f56bfc062723c751e8b465ee728b)  -> (artifact id: 'b9566a6c7165a96654add2fb38e4a759') in 0.009874 seconds
  Import took 0.090191 seconds .

========================================================================
Received Import Request.
  Time since last request: 0.000427 seconds.
  path: Assets/CasualGameSounds/DM-CGS-47.wav
  artifactKey: Guid(d46323e22e74e46baa241cbf48c85671) Importer(815301076,1909f56bfc062723c751e8b465ee728b)
Start importing Assets/CasualGameSounds/DM-CGS-47.wav using Guid(d46323e22e74e46baa241cbf48c85671) Importer(815301076,1909f56bfc062723c751e8b465ee728b)  -> (artifact id: 'a7d38ac06bbfbc3001d64a3ccbbfd7b2') in 0.010622 seconds
  Import took 0.014963 seconds .

========================================================================
Received Import Request.
  Time since last request: 0.000590 seconds.
  path: Assets/CasualGameSounds/DM-CGS-45.wav
  artifactKey: Guid(52320e590bf774734a288886eba557ba) Importer(815301076,1909f56bfc062723c751e8b465ee728b)
Start importing Assets/CasualGameSounds/DM-CGS-45.wav using Guid(52320e590bf774734a288886eba557ba) Importer(815301076,1909f56bfc062723c751e8b465ee728b)  -> (artifact id: '1fe5aeb2d23473c51197d910a675f7d9') in 0.010075 seconds
  Import took 0.053046 seconds .

========================================================================
Received Import Request.
  Time since last request: 0.000410 seconds.
  path: Assets/CasualGameSounds/DM-CGS-46.wav
  artifactKey: Guid(fe0b1f9aeb45b41b089175aeeabd5d95) Importer(815301076,1909f56bfc062723c751e8b465ee728b)
Start importing Assets/CasualGameSounds/DM-CGS-46.wav using Guid(fe0b1f9aeb45b41b089175aeeabd5d95) Importer(815301076,1909f56bfc062723c751e8b465ee728b)  -> (artifact id: '95b3122e1c7d240d1b6ae956776b3b96') in 0.011235 seconds
  Import took 0.069655 seconds .

========================================================================
Received Import Request.
  Time since last request: 0.000446 seconds.
  path: Assets/CasualGameSounds/DM-CGS-48.wav
  artifactKey: Guid(7e26c9daf4c32483b9c2790e662d3f1b) Importer(815301076,1909f56bfc062723c751e8b465ee728b)
Start importing Assets/CasualGameSounds/DM-CGS-48.wav using Guid(7e26c9daf4c32483b9c2790e662d3f1b) Importer(815301076,1909f56bfc062723c751e8b465ee728b)  -> (artifact id: 'd96a0cb1a63674e4975c5184fa426f33') in 0.011866 seconds
  Import took 0.070085 seconds .

========================================================================
Received Import Request.
  Time since last request: 0.000344 seconds.
  path: Assets/CasualGameSounds/DM-CGS-49.wav
  artifactKey: Guid(7bef0064f8567430cac22499c6b93d4f) Importer(815301076,1909f56bfc062723c751e8b465ee728b)
Start importing Assets/CasualGameSounds/DM-CGS-49.wav using Guid(7bef0064f8567430cac22499c6b93d4f) Importer(815301076,1909f56bfc062723c751e8b465ee728b)  -> (artifact id: 'a224a003ab976de51fb6d550f74740b3') in 0.011026 seconds
  Import took 0.149045 seconds .

========================================================================
Received Import Request.
  Time since last request: 0.000517 seconds.
  path: Assets/CasualGameSounds/DM-CGS-44.wav
  artifactKey: Guid(b43d102aac6b145468dcaa94a5cccae1) Importer(815301076,1909f56bfc062723c751e8b465ee728b)
Start importing Assets/CasualGameSounds/DM-CGS-44.wav using Guid(b43d102aac6b145468dcaa94a5cccae1) Importer(815301076,1909f56bfc062723c751e8b465ee728b)  -> (artifact id: 'b9566a6c7165a96654add2fb38e4a759') in 0.010547 seconds
  Import took 0.015523 seconds .

========================================================================
Received Import Request.
  Time since last request: 8.829850 seconds.
  path: Assets/CasualGameSounds/DM-CGS-50.wav
  artifactKey: Guid(79e6baad2fd414b82a6d49ce1568d2e5) Importer(815301076,1909f56bfc062723c751e8b465ee728b)
Start importing Assets/CasualGameSounds/DM-CGS-50.wav using Guid(79e6baad2fd414b82a6d49ce1568d2e5) Importer(815301076,1909f56bfc062723c751e8b465ee728b)  -> (artifact id: '429901500a397e714a1121022d5875fc') in 0.010383 seconds
  Import took 0.069039 seconds .

========================================================================
Received Prepare
Registering precompiled user dll's ...
Registered in 0.001620 seconds.
Begin MonoManager ReloadAssembly
Native extension for WindowsStandalone target not found
Native extension for OSXStandalone target not found
Native extension for WebGL target not found
Refreshing native plugins compatible for Editor in 0.58 ms, found 1 plugins.
Preloading 0 native plugins for Editor in 0.00 ms.
Invoked RoslynAnalysisRunner static constructor.
RoslynAnalysisRunner will not be running.
RoslynAnalysisRunner has terminated.
Mono: successfully reloaded assembly
- Completed reload, in  1.595 seconds
Platform modules already initialized, skipping
Refreshing native plugins compatible for Editor in 0.52 ms, found 1 plugins.
Preloading 0 native plugins for Editor in 0.00 ms.
Unloading 1808 Unused Serialized files (Serialized files now loaded: 0)
System memory in use before: 88.2 MB.
System memory in use after: 88.2 MB.

Unloading 12 unused Assets to reduce memory usage. Loaded Objects now: 2275.
Total: 3.291600 ms (FindLiveObjects: 0.338300 ms CreateObjectMapping: 0.126100 ms MarkObjects: 2.676300 ms  DeleteObjects: 0.148000 ms)

========================================================================
Received Import Request.
  Time since last request: 1148.931799 seconds.
  path: Assets/CasualGameSounds/jump.wav
  artifactKey: Guid(ffb159a21c8a04135a5616979c828fab) Importer(815301076,1909f56bfc062723c751e8b465ee728b)
Start importing Assets/CasualGameSounds/jump.wav using Guid(ffb159a21c8a04135a5616979c828fab) Importer(815301076,1909f56bfc062723c751e8b465ee728b)  -> (artifact id: 'ea44daf9b705bb2f1991e1d1c29b8123') in 0.069694 seconds
  Import took 0.087010 seconds .

========================================================================
Received Import Request.
  Time since last request: 26.196719 seconds.
  path: Assets/Scripts/PlayerMovement.cs
  artifactKey: Guid(07c35a5cca030d647ab68fcb7b8f07e6) Importer(815301076,1909f56bfc062723c751e8b465ee728b)
Start importing Assets/Scripts/PlayerMovement.cs using Guid(07c35a5cca030d647ab68fcb7b8f07e6) Importer(815301076,1909f56bfc062723c751e8b465ee728b)  -> (artifact id: 'c10f43fa35961a78a984d496c472e22f') in 0.021167 seconds
  Import took 0.052108 seconds .

========================================================================
Received Prepare
Registering precompiled user dll's ...
Registered in 0.001953 seconds.
Begin MonoManager ReloadAssembly
Native extension for WindowsStandalone target not found
Native extension for OSXStandalone target not found
Native extension for WebGL target not found
Refreshing native plugins compatible for Editor in 0.52 ms, found 1 plugins.
Preloading 0 native plugins for Editor in 0.00 ms.
Invoked RoslynAnalysisRunner static constructor.
RoslynAnalysisRunner will not be running.
RoslynAnalysisRunner has terminated.
Mono: successfully reloaded assembly
- Completed reload, in  1.461 seconds
Platform modules already initialized, skipping
Refreshing native plugins compatible for Editor in 0.52 ms, found 1 plugins.
Preloading 0 native plugins for Editor in 0.00 ms.
Unloading 1808 Unused Serialized files (Serialized files now loaded: 0)
System memory in use before: 88.2 MB.
System memory in use after: 88.2 MB.

Unloading 12 unused Assets to reduce memory usage. Loaded Objects now: 2280.
Total: 2.988700 ms (FindLiveObjects: 0.309500 ms CreateObjectMapping: 0.121500 ms MarkObjects: 2.405800 ms  DeleteObjects: 0.149800 ms)

========================================================================
Received Import Request.
  Time since last request: 95.928920 seconds.
  path: Assets/Scripts/PlayerMovement.cs
  artifactKey: Guid(07c35a5cca030d647ab68fcb7b8f07e6) Importer(815301076,1909f56bfc062723c751e8b465ee728b)
Start importing Assets/Scripts/PlayerMovement.cs using Guid(07c35a5cca030d647ab68fcb7b8f07e6) Importer(815301076,1909f56bfc062723c751e8b465ee728b)  -> (artifact id: 'fa9e2f2d5151b4bc2e7aee74a299c2fc') in 0.006511 seconds
  Import took 0.010786 seconds .

========================================================================
Received Prepare
Registering precompiled user dll's ...
Registered in 0.001643 seconds.
Begin MonoManager ReloadAssembly
Native extension for WindowsStandalone target not found
Native extension for OSXStandalone target not found
Native extension for WebGL target not found
Refreshing native plugins compatible for Editor in 0.56 ms, found 1 plugins.
Preloading 0 native plugins for Editor in 0.00 ms.
Invoked RoslynAnalysisRunner static constructor.
RoslynAnalysisRunner will not be running.
RoslynAnalysisRunner has terminated.
Mono: successfully reloaded assembly
- Completed reload, in  1.434 seconds
Platform modules already initialized, skipping
Refreshing native plugins compatible for Editor in 1.08 ms, found 1 plugins.
Preloading 0 native plugins for Editor in 0.00 ms.
Unloading 1808 Unused Serialized files (Serialized files now loaded: 0)
System memory in use before: 88.2 MB.
System memory in use after: 88.2 MB.

Unloading 12 unused Assets to reduce memory usage. Loaded Objects now: 2284.
Total: 3.072500 ms (FindLiveObjects: 0.275700 ms CreateObjectMapping: 0.105600 ms MarkObjects: 2.547200 ms  DeleteObjects: 0.142200 ms)

========================================================================
Received Prepare
Registering precompiled user dll's ...
Registered in 0.001504 seconds.
Begin MonoManager ReloadAssembly
Native extension for WindowsStandalone target not found
Native extension for OSXStandalone target not found
Native extension for WebGL target not found
Refreshing native plugins compatible for Editor in 0.54 ms, found 1 plugins.
Preloading 0 native plugins for Editor in 0.00 ms.
Invoked RoslynAnalysisRunner static constructor.
RoslynAnalysisRunner will not be running.
RoslynAnalysisRunner has terminated.
Mono: successfully reloaded assembly
- Completed reload, in  1.433 seconds
Platform modules already initialized, skipping
Refreshing native plugins compatible for Editor in 0.51 ms, found 1 plugins.
Preloading 0 native plugins for Editor in 0.00 ms.
Unloading 1808 Unused Serialized files (Serialized files now loaded: 0)
System memory in use before: 88.2 MB.
System memory in use after: 88.2 MB.

Unloading 12 unused Assets to reduce memory usage. Loaded Objects now: 2288.
Total: 2.976500 ms (FindLiveObjects: 0.273800 ms CreateObjectMapping: 0.099000 ms MarkObjects: 2.451500 ms  DeleteObjects: 0.150500 ms)

========================================================================
Received Prepare
Registering precompiled user dll's ...
Registered in 0.001595 seconds.
Begin MonoManager ReloadAssembly
Native extension for WindowsStandalone target not found
Native extension for OSXStandalone target not found
Native extension for WebGL target not found
Refreshing native plugins compatible for Editor in 0.55 ms, found 1 plugins.
Preloading 0 native plugins for Editor in 0.00 ms.
Invoked RoslynAnalysisRunner static constructor.
RoslynAnalysisRunner will not be running.
RoslynAnalysisRunner has terminated.
Mono: successfully reloaded assembly
- Completed reload, in  1.430 seconds
Platform modules already initialized, skipping
Refreshing native plugins compatible for Editor in 0.57 ms, found 1 plugins.
Preloading 0 native plugins for Editor in 0.00 ms.
Unloading 1808 Unused Serialized files (Serialized files now loaded: 0)
System memory in use before: 88.3 MB.
System memory in use after: 88.2 MB.

Unloading 12 unused Assets to reduce memory usage. Loaded Objects now: 2292.
Total: 3.345400 ms (FindLiveObjects: 0.243900 ms CreateObjectMapping: 0.095900 ms MarkObjects: 2.855700 ms  DeleteObjects: 0.148200 ms)

========================================================================
Received Prepare
Registering precompiled user dll's ...
Registered in 0.001716 seconds.
Begin MonoManager ReloadAssembly
Native extension for WindowsStandalone target not found
Native extension for OSXStandalone target not found
Native extension for WebGL target not found
Refreshing native plugins compatible for Editor in 0.54 ms, found 1 plugins.
Preloading 0 native plugins for Editor in 0.00 ms.
Invoked RoslynAnalysisRunner static constructor.
RoslynAnalysisRunner will not be running.
RoslynAnalysisRunner has terminated.
Mono: successfully reloaded assembly
- Completed reload, in  1.465 seconds
Platform modules already initialized, skipping
Refreshing native plugins compatible for Editor in 0.52 ms, found 1 plugins.
Preloading 0 native plugins for Editor in 0.00 ms.
Unloading 1808 Unused Serialized files (Serialized files now loaded: 0)
System memory in use before: 88.3 MB.
System memory in use after: 88.3 MB.

Unloading 12 unused Assets to reduce memory usage. Loaded Objects now: 2296.
Total: 3.392400 ms (FindLiveObjects: 0.225600 ms CreateObjectMapping: 0.089600 ms MarkObjects: 2.934300 ms  DeleteObjects: 0.141200 ms)

========================================================================
Received Prepare
Registering precompiled user dll's ...
Registered in 0.001515 seconds.
Begin MonoManager ReloadAssembly
Native extension for WindowsStandalone target not found
Native extension for OSXStandalone target not found
Native extension for WebGL target not found
Refreshing native plugins compatible for Editor in 0.54 ms, found 1 plugins.
Preloading 0 native plugins for Editor in 0.00 ms.
Invoked RoslynAnalysisRunner static constructor.
RoslynAnalysisRunner will not be running.
RoslynAnalysisRunner has terminated.
Mono: successfully reloaded assembly
- Completed reload, in  1.432 seconds
Platform modules already initialized, skipping
Refreshing native plugins compatible for Editor in 0.56 ms, found 1 plugins.
Preloading 0 native plugins for Editor in 0.00 ms.
Unloading 1808 Unused Serialized files (Serialized files now loaded: 0)
System memory in use before: 88.3 MB.
System memory in use after: 88.3 MB.

Unloading 12 unused Assets to reduce memory usage. Loaded Objects now: 2300.
Total: 3.309900 ms (FindLiveObjects: 0.252400 ms CreateObjectMapping: 0.101000 ms MarkObjects: 2.803800 ms  DeleteObjects: 0.150900 ms)

========================================================================
Received Prepare
Registering precompiled user dll's ...
Registered in 0.001683 seconds.
Begin MonoManager ReloadAssembly
Native extension for WindowsStandalone target not found
Native extension for OSXStandalone target not found
Native extension for WebGL target not found
Refreshing native plugins compatible for Editor in 0.52 ms, found 1 plugins.
Preloading 0 native plugins for Editor in 0.00 ms.
Invoked RoslynAnalysisRunner static constructor.
RoslynAnalysisRunner will not be running.
RoslynAnalysisRunner has terminated.
Mono: successfully reloaded assembly
- Completed reload, in  1.390 seconds
Platform modules already initialized, skipping
Refreshing native plugins compatible for Editor in 0.51 ms, found 1 plugins.
Preloading 0 native plugins for Editor in 0.00 ms.
Unloading 1808 Unused Serialized files (Serialized files now loaded: 0)
System memory in use before: 88.3 MB.
System memory in use after: 88.3 MB.

Unloading 12 unused Assets to reduce memory usage. Loaded Objects now: 2304.
Total: 3.415600 ms (FindLiveObjects: 0.325000 ms CreateObjectMapping: 0.122600 ms MarkObjects: 2.812800 ms  DeleteObjects: 0.150100 ms)

========================================================================
Received Prepare
Registering precompiled user dll's ...
Registered in 0.002000 seconds.
Begin MonoManager ReloadAssembly
Native extension for WindowsStandalone target not found
Native extension for OSXStandalone target not found
Native extension for WebGL target not found
Refreshing native plugins compatible for Editor in 0.93 ms, found 1 plugins.
Preloading 0 native plugins for Editor in 0.00 ms.
Invoked RoslynAnalysisRunner static constructor.
RoslynAnalysisRunner will not be running.
RoslynAnalysisRunner has terminated.
Mono: successfully reloaded assembly
- Completed reload, in  2.052 seconds
Platform modules already initialized, skipping
Refreshing native plugins compatible for Editor in 0.57 ms, found 1 plugins.
Preloading 0 native plugins for Editor in 0.00 ms.
Unloading 1808 Unused Serialized files (Serialized files now loaded: 0)
System memory in use before: 88.3 MB.
System memory in use after: 88.3 MB.

Unloading 12 unused Assets to reduce memory usage. Loaded Objects now: 2308.
Total: 3.240200 ms (FindLiveObjects: 0.328600 ms CreateObjectMapping: 0.147500 ms MarkObjects: 2.608000 ms  DeleteObjects: 0.153300 ms)

========================================================================
Received Prepare
Registering precompiled user dll's ...
Registered in 0.001803 seconds.
Begin MonoManager ReloadAssembly
Native extension for WindowsStandalone target not found
Native extension for OSXStandalone target not found
Native extension for WebGL target not found
Refreshing native plugins compatible for Editor in 1.02 ms, found 1 plugins.
Preloading 0 native plugins for Editor in 0.00 ms.
Invoked RoslynAnalysisRunner static constructor.
RoslynAnalysisRunner will not be running.
RoslynAnalysisRunner has terminated.
Mono: successfully reloaded assembly
- Completed reload, in  1.966 seconds
Platform modules already initialized, skipping
Refreshing native plugins compatible for Editor in 0.56 ms, found 1 plugins.
Preloading 0 native plugins for Editor in 0.00 ms.
Unloading 1808 Unused Serialized files (Serialized files now loaded: 0)
System memory in use before: 88.3 MB.
System memory in use after: 88.3 MB.

Unloading 12 unused Assets to reduce memory usage. Loaded Objects now: 2312.
Total: 3.240500 ms (FindLiveObjects: 0.262000 ms CreateObjectMapping: 0.107800 ms MarkObjects: 2.718400 ms  DeleteObjects: 0.150200 ms)

========================================================================
Received Prepare
Registering precompiled user dll's ...
Registered in 0.001504 seconds.
Begin MonoManager ReloadAssembly
Native extension for WindowsStandalone target not found
Native extension for OSXStandalone target not found
Native extension for WebGL target not found
Refreshing native plugins compatible for Editor in 0.54 ms, found 1 plugins.
Preloading 0 native plugins for Editor in 0.00 ms.
Invoked RoslynAnalysisRunner static constructor.
RoslynAnalysisRunner will not be running.
RoslynAnalysisRunner has terminated.
Mono: successfully reloaded assembly
- Completed reload, in  1.426 seconds
Platform modules already initialized, skipping
Refreshing native plugins compatible for Editor in 0.98 ms, found 1 plugins.
Preloading 0 native plugins for Editor in 0.00 ms.
Unloading 1808 Unused Serialized files (Serialized files now loaded: 0)
System memory in use before: 88.3 MB.
System memory in use after: 88.3 MB.

Unloading 12 unused Assets to reduce memory usage. Loaded Objects now: 2316.
Total: 3.421800 ms (FindLiveObjects: 0.270100 ms CreateObjectMapping: 0.111900 ms MarkObjects: 2.890900 ms  DeleteObjects: 0.147400 ms)

========================================================================
Received Prepare
Registering precompiled user dll's ...
Registered in 0.001473 seconds.
Begin MonoManager ReloadAssembly
Native extension for WindowsStandalone target not found
Native extension for OSXStandalone target not found
Native extension for WebGL target not found
Refreshing native plugins compatible for Editor in 0.58 ms, found 1 plugins.
Preloading 0 native plugins for Editor in 0.00 ms.
Invoked RoslynAnalysisRunner static constructor.
RoslynAnalysisRunner will not be running.
RoslynAnalysisRunner has terminated.
Mono: successfully reloaded assembly
- Completed reload, in  1.451 seconds
Platform modules already initialized, skipping
Refreshing native plugins compatible for Editor in 0.57 ms, found 1 plugins.
Preloading 0 native plugins for Editor in 0.00 ms.
Unloading 1808 Unused Serialized files (Serialized files now loaded: 0)
System memory in use before: 88.3 MB.
System memory in use after: 88.3 MB.

Unloading 12 unused Assets to reduce memory usage. Loaded Objects now: 2320.
Total: 3.363800 ms (FindLiveObjects: 0.301400 ms CreateObjectMapping: 0.137000 ms MarkObjects: 2.775500 ms  DeleteObjects: 0.148000 ms)

========================================================================
Received Import Request.
  Time since last request: 987.775871 seconds.
  path: Assets/CasualGameSounds/high.wav
  artifactKey: Guid(7bd6b897eb5ca4b7d88a205c4a51640c) Importer(815301076,1909f56bfc062723c751e8b465ee728b)
Start importing Assets/CasualGameSounds/high.wav using Guid(7bd6b897eb5ca4b7d88a205c4a51640c) Importer(815301076,1909f56bfc062723c751e8b465ee728b)  -> (artifact id: 'e5eaf2b995f0cfc001404875cdcee3c7') in 0.075064 seconds
  Import took 0.082422 seconds .

========================================================================
Received Import Request.
  Time since last request: 0.007443 seconds.
  path: Assets/CasualGameSounds/high.wav
  artifactKey: Guid(7bd6b897eb5ca4b7d88a205c4a51640c) Importer(815301076,1909f56bfc062723c751e8b465ee728b)
Start importing Assets/CasualGameSounds/high.wav using Guid(7bd6b897eb5ca4b7d88a205c4a51640c) Importer(815301076,1909f56bfc062723c751e8b465ee728b)  -> (artifact id: 'e5eaf2b995f0cfc001404875cdcee3c7') in 0.011274 seconds
  Import took 0.016303 seconds .

========================================================================
Received Prepare
Registering precompiled user dll's ...
Registered in 0.001447 seconds.
Begin MonoManager ReloadAssembly
Native extension for WindowsStandalone target not found
Native extension for OSXStandalone target not found
Native extension for WebGL target not found
Refreshing native plugins compatible for Editor in 0.54 ms, found 1 plugins.
Preloading 0 native plugins for Editor in 0.00 ms.
Invoked RoslynAnalysisRunner static constructor.
RoslynAnalysisRunner will not be running.
RoslynAnalysisRunner has terminated.
Mono: successfully reloaded assembly
- Completed reload, in  1.420 seconds
Platform modules already initialized, skipping
Refreshing native plugins compatible for Editor in 0.55 ms, found 1 plugins.
Preloading 0 native plugins for Editor in 0.00 ms.
Unloading 1808 Unused Serialized files (Serialized files now loaded: 0)
System memory in use before: 88.3 MB.
System memory in use after: 88.3 MB.

Unloading 12 unused Assets to reduce memory usage. Loaded Objects now: 2325.
Total: 3.023300 ms (FindLiveObjects: 0.289800 ms CreateObjectMapping: 0.124000 ms MarkObjects: 2.458200 ms  DeleteObjects: 0.148600 ms)

========================================================================
Received Prepare
Registering precompiled user dll's ...
Registered in 0.001458 seconds.
Begin MonoManager ReloadAssembly
Native extension for WindowsStandalone target not found
Native extension for OSXStandalone target not found
Native extension for WebGL target not found
Refreshing native plugins compatible for Editor in 0.53 ms, found 1 plugins.
Preloading 0 native plugins for Editor in 0.00 ms.
Invoked RoslynAnalysisRunner static constructor.
RoslynAnalysisRunner will not be running.
RoslynAnalysisRunner has terminated.
Mono: successfully reloaded assembly
- Completed reload, in  1.414 seconds
Platform modules already initialized, skipping
Refreshing native plugins compatible for Editor in 0.53 ms, found 1 plugins.
Preloading 0 native plugins for Editor in 0.00 ms.
Unloading 1808 Unused Serialized files (Serialized files now loaded: 0)
System memory in use before: 88.3 MB.
System memory in use after: 88.3 MB.

Unloading 12 unused Assets to reduce memory usage. Loaded Objects now: 2329.
Total: 3.388300 ms (FindLiveObjects: 0.301000 ms CreateObjectMapping: 0.131100 ms MarkObjects: 2.805600 ms  DeleteObjects: 0.148000 ms)

AssetImportWorkerClient::OnTransportError - code=2 error=End of file
